<?xml version="1.0" encoding="UTF-8"?>
<!-- Generated by org.testng.reporters.JUnitReportReporter -->
<testsuite hostname="01HW2308171.local" failures="0" tests="1" name="TestCases.TC_TourLogin" time="23.058" errors="0" timestamp="2023-06-13T16:57:44 GMT-07:00" skipped="0">
  <testcase classname="TestCases.TC_TourLogin" name="tourLoginTest" time="23.058"/>
  <system-out/>
</testsuite> <!-- TestCases.TC_TourLogin -->
