<?xml version="1.0" encoding="UTF-8"?>
<!-- Generated by org.testng.reporters.JUnitReportReporter -->
<testsuite hostname="01HW2308171.local" failures="0" tests="1" name="TestCases.TC_Login" time="11.654" errors="0" timestamp="2023-06-13T12:52:23 GMT-07:00" skipped="0">
  <testcase classname="TestCases.TC_Login" name="Login" time="11.654"/>
  <system-out/>
</testsuite> <!-- TestCases.TC_Login -->
